<?xml version="1.0" encoding="UTF-8" ?>
<testsuite failures="0" time="8.545" errors="0" skipped="0" tests="26" name="org.jaudiotagger.tag.mp4.M4aWriteTagTest">
  <properties>
[...]
</properties>
  <testcase time="0.341" classname="org.jaudiotagger.tag.mp4.M4aWriteTagTest" name="testWriteFileSmallerSizeMoreThanEightBytesSmallerNoMetaFreeAtom"/>
  <testcase time="0" classname="org.jaudiotagger.tag.mp4.M4aWriteTagTest" name="testWriteFileLargerSizeLessThanTopLevelFreeWhenFreeAafterMdat"/>
  <testcase time="0.322" classname="org.jaudiotagger.tag.mp4.M4aWriteTagTest" name="testDeleteTag"/>
  <testcase time="0.278" classname="org.jaudiotagger.tag.mp4.M4aWriteTagTest" name="testWriteMultipleFields"/>
  <testcase time="0.73" classname="org.jaudiotagger.tag.mp4.M4aWriteTagTest" name="testDeleteFields"/>
  <testcase time="0.295" classname="org.jaudiotagger.tag.mp4.M4aWriteTagTest" name="testWriteFileSmallerSizeLessThanEightBytesNoMetaFreeAtom"/>
  <testcase time="0.365" classname="org.jaudiotagger.tag.mp4.M4aWriteTagTest" name="testWriteFileSmallerSizeLessThanEightBytesNoFreeAtoms"/>
  <testcase time="0.376" classname="org.jaudiotagger.tag.mp4.M4aWriteTagTest" name="testWriteFileLargerSizeEqualToTopLevelFreeSpace"/>
  <testcase time="0" classname="org.jaudiotagger.tag.mp4.M4aWriteTagTest" name="testWriteFileLargerSizeEqualToTopLevelFreeWhenFreeAafterMdat"/>
  <testcase time="0.332" classname="org.jaudiotagger.tag.mp4.M4aWriteTagTest" name="testWriteFileSameSizeNoMetaFreeAtom"/>
  <testcase time="0.336" classname="org.jaudiotagger.tag.mp4.M4aWriteTagTest" name="testWriteFileSmallerNoFreeAtoms"/>
  <testcase time="0.487" classname="org.jaudiotagger.tag.mp4.M4aWriteTagTest" name="testWriteFileLargerSizeNoMetaFreeAtom"/>
  <testcase time="0.376" classname="org.jaudiotagger.tag.mp4.M4aWriteTagTest" name="testWriteFileWhichDoesntHaveAMetadataAtom"/>
  <testcase time="0" classname="org.jaudiotagger.tag.mp4.M4aWriteTagTest" name="testWriteFileLargerSizeNoTopLevelFreeAtom"/>
  <testcase time="0" classname="org.jaudiotagger.tag.mp4.M4aWriteTagTest" name="testWriteMuchLargerWhenFreeIsAfterMdat"/>
  <testcase time="0.277" classname="org.jaudiotagger.tag.mp4.M4aWriteTagTest" name="testWriteFileSameSize"/>
  <testcase time="0.276" classname="org.jaudiotagger.tag.mp4.M4aWriteTagTest" name="testWriteFileSmallerSize"/>
  <testcase time="0.687" classname="org.jaudiotagger.tag.mp4.M4aWriteTagTest" name="testWriteFileLargerSize"/>
  <testcase time="0.369" classname="org.jaudiotagger.tag.mp4.M4aWriteTagTest" name="testWriteFileAlotLargerSize"/>
  <testcase time="0.375" classname="org.jaudiotagger.tag.mp4.M4aWriteTagTest" name="testWriteFileMuchLargerSize"/>
  <testcase time="0.284" classname="org.jaudiotagger.tag.mp4.M4aWriteTagTest" name="testDeleteTag2"/>
  <testcase time="0.652" classname="org.jaudiotagger.tag.mp4.M4aWriteTagTest" name="testWriteAllFields"/>
  <testcase time="1.184" classname="org.jaudiotagger.tag.mp4.M4aWriteTagTest" name="testWriteGenres"/>
  <testcase time="0.192" classname="org.jaudiotagger.tag.mp4.M4aWriteTagTest" name="testWriteCustomGenresAlways"/>
  <testcase time="0" classname="org.jaudiotagger.tag.mp4.M4aWriteTagTest" name="testWriteWhenFreeisAfterMdat"/>
  <testcase time="0" classname="org.jaudiotagger.tag.mp4.M4aWriteTagTest" name="testWritingIssue198"/>
</testsuite>