<?xml version="1.0" encoding="UTF-8" ?>
<testsuite failures="0" time="1.021" errors="0" skipped="0" tests="12" name="org.jaudiotagger.tag.id3.Unicode23TagTest">
  <properties>
[...]
</properties>
  <testcase time="0.084" classname="org.jaudiotagger.tag.id3.Unicode23TagTest" name="testCreateUTF16AndResetEvenIfNotNeededIfDefaultSetEncodedSizeTerminatedString"/>
  <testcase time="0.062" classname="org.jaudiotagger.tag.id3.Unicode23TagTest" name="testCreateUTF16AndResetEvenIfNotNeededIfDefaultSetEncodedSizeTerminatedStringUnsnced"/>
  <testcase time="0.061" classname="org.jaudiotagger.tag.id3.Unicode23TagTest" name="testDoesntCreateUTF16IfDefaultSetEncodedSizeTerminatedStringifOverriddenUsingSetBody"/>
  <testcase time="0.043" classname="org.jaudiotagger.tag.id3.Unicode23TagTest" name="testCreateUTF16BOMLEEvenIfNotNeededIfDefaultSetEncodedSizeTerminatedString"/>
  <testcase time="0.072" classname="org.jaudiotagger.tag.id3.Unicode23TagTest" name="testCreateUTF16BOMLEEncodedSizeTerminatedString"/>
  <testcase time="0.048" classname="org.jaudiotagger.tag.id3.Unicode23TagTest" name="testCreateUTF16BOMBEEncodedSizeTerminatedString"/>
  <testcase time="0.048" classname="org.jaudiotagger.tag.id3.Unicode23TagTest" name="testCreateUTF16AutoEncodedSizeTerminatedString"/>
  <testcase time="0.074" classname="org.jaudiotagger.tag.id3.Unicode23TagTest" name="testFixv23TagsWithInvalidEncodingAndDefaultOverridden"/>
  <testcase time="0.094" classname="org.jaudiotagger.tag.id3.Unicode23TagTest" name="testCreateISO8859EncodedSizeTerminatedString"/>
  <testcase time="0.072" classname="org.jaudiotagger.tag.id3.Unicode23TagTest" name="testCreateUTF16BEEncodedSizeTerminatedString"/>
  <testcase time="0.288" classname="org.jaudiotagger.tag.id3.Unicode23TagTest" name="testCreateUTF8EncodedSizeTerminatedString"/>
  <testcase time="0.074" classname="org.jaudiotagger.tag.id3.Unicode23TagTest" name="testFixv23TagsWithInvalidEncoding"/>
</testsuite>