<?xml version="1.0" encoding="UTF-8" ?>
<testsuite failures="0" time="1.212" errors="0" skipped="0" tests="21" name="org.jaudiotagger.tag.mp4.M4aReadTagTest">
  <properties>
[...]
</properties>
  <testcase time="0.022" classname="org.jaudiotagger.tag.mp4.M4aReadTagTest" name="testReadFile"/>
  <testcase time="0.031" classname="org.jaudiotagger.tag.mp4.M4aReadTagTest" name="testIssue182"/>
  <testcase time="0" classname="org.jaudiotagger.tag.mp4.M4aReadTagTest" name="testGenre"/>
  <testcase time="0" classname="org.jaudiotagger.tag.mp4.M4aReadTagTest" name="testIssue198"/>
  <testcase time="0" classname="org.jaudiotagger.tag.mp4.M4aReadTagTest" name="testIssue163"/>
  <testcase time="0" classname="org.jaudiotagger.tag.mp4.M4aReadTagTest" name="testIssue227"/>
  <testcase time="0" classname="org.jaudiotagger.tag.mp4.M4aReadTagTest" name="testIssue156"/>
  <testcase time="0.57" classname="org.jaudiotagger.tag.mp4.M4aReadTagTest" name="testIssue168"/>
  <testcase time="0.099" classname="org.jaudiotagger.tag.mp4.M4aReadTagTest" name="testReadFileFromMediaMonkey306"/>
  <testcase time="0.118" classname="org.jaudiotagger.tag.mp4.M4aReadTagTest" name="testReadFileWithNoMetaFreeAtom"/>
  <testcase time="0.073" classname="org.jaudiotagger.tag.mp4.M4aReadTagTest" name="testReadFileFromWinamp5531"/>
  <testcase time="0.036" classname="org.jaudiotagger.tag.mp4.M4aReadTagTest" name="testReadFile2"/>
  <testcase time="0.001" classname="org.jaudiotagger.tag.mp4.M4aReadTagTest" name="testDetectMultiTrackAudio"/>
  <testcase time="0" classname="org.jaudiotagger.tag.mp4.M4aReadTagTest" name="testDetectMultiTrackAudio2"/>
  <testcase time="0" classname="org.jaudiotagger.tag.mp4.M4aReadTagTest" name="testDetectVideo"/>
  <testcase time="0.003" classname="org.jaudiotagger.tag.mp4.M4aReadTagTest" name="testMonoLowbitRateReadFile"/>
  <testcase time="0.149" classname="org.jaudiotagger.tag.mp4.M4aReadTagTest" name="testIssue226Mono"/>
  <testcase time="0.098" classname="org.jaudiotagger.tag.mp4.M4aReadTagTest" name="testIssue226Stereo"/>
  <testcase time="0" classname="org.jaudiotagger.tag.mp4.M4aReadTagTest" name="testNumericGenres"/>
  <testcase time="0" classname="org.jaudiotagger.tag.mp4.M4aReadTagTest" name="testReadFile3"/>
  <testcase time="0" classname="org.jaudiotagger.tag.mp4.M4aReadTagTest" name="testReadFile4"/>
</testsuite>